2023-05-25 15:50:30.256  INFO 19276 --- [main] com.example.Application                  : Starting Application on LAPTOP-A1AIA4SR with PID 19276 (started by hp in D:\01 Springboot\基于SpringBoot的社区疫情防控系统\源码和数据库\epidemic)
2023-05-25 15:50:30.269  INFO 19276 --- [main] com.example.Application                  : No active profile set, falling back to default profiles: default
2023-05-25 15:50:32.339  WARN 19276 --- [main] o.m.s.mapper.ClassPathMapperScanner      : No MyBatis mapper was found in '[com.example]' package. Please check your configuration.
2023-05-25 15:50:36.042  INFO 19276 --- [main] o.s.b.w.embedded.tomcat.TomcatWebServer  : Tomcat initialized with port(s): 8080 (http)
2023-05-25 15:50:36.079  INFO 19276 --- [main] o.apache.catalina.core.StandardService   : Starting service [Tomcat]
2023-05-25 15:50:36.081  INFO 19276 --- [main] org.apache.catalina.core.StandardEngine  : Starting Servlet Engine: Apache Tomcat/9.0.12
2023-05-25 15:50:36.097  INFO 19276 --- [main] o.a.catalina.core.AprLifecycleListener   : The APR based Apache Tomcat Native library which allows optimal performance in production environments was not found on the java.library.path: [C:\Program Files\Java\jdk1.8.0_281\bin;C:\WINDOWS\Sun\Java\bin;C:\WINDOWS\system32;C:\WINDOWS;C:\Program Files\MySQL\MySQL Server 5.7\bin;C:\Program Files (x86)\Common Files\Oracle\Java\javapath;D:\work work\xshell\;C:\windows;D:\Java\JDK\lib;D:\Java\JDK\bin;C:\windows\system32;C:\windows\System32\Wbem;C:\windows\System32\WindowsPowerShell\v1.0\;C:\windows\System32\OpenSSH\;C:\Program Files (x86)\NVIDIA Corporation\PhysX\Common;C:\WINDOWS\system32;C:\WINDOWS;C:\WINDOWS\System32\Wbem;C:\WINDOWS\System32\WindowsPowerShell\v1.0\;C:\WINDOWS\System32\OpenSSH\;C:\Program Files\NVIDIA Corporation\NVIDIA NvDLISR;C:\WINDOWS\system32;C:\WINDOWS;C:\WINDOWS\System32\Wbem;C:\WINDOWS\System32\WindowsPowerShell\v1.0\;C:\WINDOWS\System32\OpenSSH\;C:\Program Files (x86)\Windows Kits\8.1\Windows Performance Toolkit\;D:\MatLab\runtime\win64;D:\MatLab\bin;D:\MatLab\polyspace\bin;D:\work work\Xftp7\;C:\Program Files\dotnet\;D:\Dark lsp\02-yuanma\maven\apache-maven-3.9.2\bin;C:\Users\hp\AppData\Local\Programs\Python\Python39\Scripts\;C:\Users\hp\AppData\Local\Programs\Python\Python39\;C:\Users\hp\AppData\Local\Programs\Python\Python38\Scripts\;C:\Users\hp\AppData\Local\Programs\Python\Python38\;C:\Users\hp\AppData\Local\Microsoft\WindowsApps;C:\Program Files\Bandizip\;D:\pycharm\PyCharm 2020\PyCharm 2020.1\bin;;D:\IDEA\IntelliJ IDEA 2019.3.3\bin;;.]
2023-05-25 15:50:36.297  INFO 19276 --- [main] o.a.c.c.C.[Tomcat].[localhost].[/]       : Initializing Spring embedded WebApplicationContext
2023-05-25 15:50:36.297  INFO 19276 --- [main] o.s.web.context.ContextLoader            : Root WebApplicationContext: initialization completed in 5953 ms
2023-05-25 15:50:36.341  INFO 19276 --- [main] o.s.b.w.servlet.ServletRegistrationBean  : Servlet dispatcherServlet mapped to [/]
2023-05-25 15:50:36.347  INFO 19276 --- [main] o.s.b.w.servlet.FilterRegistrationBean   : Mapping filter: 'characterEncodingFilter' to: [/*]
2023-05-25 15:50:36.348  INFO 19276 --- [main] o.s.b.w.servlet.FilterRegistrationBean   : Mapping filter: 'hiddenHttpMethodFilter' to: [/*]
2023-05-25 15:50:36.348  INFO 19276 --- [main] o.s.b.w.servlet.FilterRegistrationBean   : Mapping filter: 'formContentFilter' to: [/*]
2023-05-25 15:50:36.348  INFO 19276 --- [main] o.s.b.w.servlet.FilterRegistrationBean   : Mapping filter: 'requestContextFilter' to: [/*]
2023-05-25 15:50:38.458  INFO 19276 --- [main] o.s.s.concurrent.ThreadPoolTaskExecutor  : Initializing ExecutorService 'applicationTaskExecutor'
2023-05-25 15:50:38.962  INFO 19276 --- [main] o.s.b.w.embedded.tomcat.TomcatWebServer  : Tomcat started on port(s): 8080 (http) with context path ''
2023-05-25 15:50:38.967  INFO 19276 --- [main] com.example.Application                  : Started Application in 9.365 seconds (JVM running for 10.273)
2023-05-25 15:50:57.270  INFO 19276 --- [http-nio-8080-exec-1] o.a.c.c.C.[Tomcat].[localhost].[/]       : Initializing Spring DispatcherServlet 'dispatcherServlet'
2023-05-25 15:50:57.271  INFO 19276 --- [http-nio-8080-exec-1] o.s.web.servlet.DispatcherServlet        : Initializing Servlet 'dispatcherServlet'
2023-05-25 15:50:57.282  INFO 19276 --- [http-nio-8080-exec-1] o.s.web.servlet.DispatcherServlet        : Completed initialization in 11 ms
2023-05-25 15:50:57.833  INFO 19276 --- [http-nio-8080-exec-2] com.zaxxer.hikari.HikariDataSource       : HikariPool-1 - Starting...
2023-05-25 15:50:58.195  INFO 19276 --- [http-nio-8080-exec-2] com.zaxxer.hikari.HikariDataSource       : HikariPool-1 - Start completed.
2023-05-25 15:57:32.736  INFO 2148 --- [main] com.example.Application                  : Starting Application on LAPTOP-A1AIA4SR with PID 2148 (started by hp in D:\01 Springboot\基于SpringBoot的社区疫情防控系统\源码和数据库\epidemic)
2023-05-25 15:57:32.740  INFO 2148 --- [main] com.example.Application                  : No active profile set, falling back to default profiles: default
2023-05-25 15:57:33.753  WARN 2148 --- [main] o.m.s.mapper.ClassPathMapperScanner      : No MyBatis mapper was found in '[com.example]' package. Please check your configuration.
2023-05-25 15:57:37.080  INFO 2148 --- [main] o.s.b.w.embedded.tomcat.TomcatWebServer  : Tomcat initialized with port(s): 8080 (http)
2023-05-25 15:57:37.109  INFO 2148 --- [main] o.apache.catalina.core.StandardService   : Starting service [Tomcat]
2023-05-25 15:57:37.110  INFO 2148 --- [main] org.apache.catalina.core.StandardEngine  : Starting Servlet Engine: Apache Tomcat/9.0.12
2023-05-25 15:57:37.124  INFO 2148 --- [main] o.a.catalina.core.AprLifecycleListener   : The APR based Apache Tomcat Native library which allows optimal performance in production environments was not found on the java.library.path: [C:\Program Files\Java\jdk1.8.0_281\bin;C:\WINDOWS\Sun\Java\bin;C:\WINDOWS\system32;C:\WINDOWS;C:\Program Files\MySQL\MySQL Server 5.7\bin;C:\Program Files (x86)\Common Files\Oracle\Java\javapath;D:\work work\xshell\;C:\windows;D:\Java\JDK\lib;D:\Java\JDK\bin;C:\windows\system32;C:\windows\System32\Wbem;C:\windows\System32\WindowsPowerShell\v1.0\;C:\windows\System32\OpenSSH\;C:\Program Files (x86)\NVIDIA Corporation\PhysX\Common;C:\WINDOWS\system32;C:\WINDOWS;C:\WINDOWS\System32\Wbem;C:\WINDOWS\System32\WindowsPowerShell\v1.0\;C:\WINDOWS\System32\OpenSSH\;C:\Program Files\NVIDIA Corporation\NVIDIA NvDLISR;C:\WINDOWS\system32;C:\WINDOWS;C:\WINDOWS\System32\Wbem;C:\WINDOWS\System32\WindowsPowerShell\v1.0\;C:\WINDOWS\System32\OpenSSH\;C:\Program Files (x86)\Windows Kits\8.1\Windows Performance Toolkit\;D:\MatLab\runtime\win64;D:\MatLab\bin;D:\MatLab\polyspace\bin;D:\work work\Xftp7\;C:\Program Files\dotnet\;D:\Dark lsp\02-yuanma\maven\apache-maven-3.9.2\bin;C:\Users\hp\AppData\Local\Programs\Python\Python39\Scripts\;C:\Users\hp\AppData\Local\Programs\Python\Python39\;C:\Users\hp\AppData\Local\Programs\Python\Python38\Scripts\;C:\Users\hp\AppData\Local\Programs\Python\Python38\;C:\Users\hp\AppData\Local\Microsoft\WindowsApps;C:\Program Files\Bandizip\;D:\pycharm\PyCharm 2020\PyCharm 2020.1\bin;;D:\IDEA\IntelliJ IDEA 2019.3.3\bin;;.]
2023-05-25 15:57:37.277  INFO 2148 --- [main] o.a.c.c.C.[Tomcat].[localhost].[/]       : Initializing Spring embedded WebApplicationContext
2023-05-25 15:57:37.277  INFO 2148 --- [main] o.s.web.context.ContextLoader            : Root WebApplicationContext: initialization completed in 4471 ms
2023-05-25 15:57:37.312  INFO 2148 --- [main] o.s.b.w.servlet.ServletRegistrationBean  : Servlet dispatcherServlet mapped to [/]
2023-05-25 15:57:37.317  INFO 2148 --- [main] o.s.b.w.servlet.FilterRegistrationBean   : Mapping filter: 'characterEncodingFilter' to: [/*]
2023-05-25 15:57:37.318  INFO 2148 --- [main] o.s.b.w.servlet.FilterRegistrationBean   : Mapping filter: 'hiddenHttpMethodFilter' to: [/*]
2023-05-25 15:57:37.318  INFO 2148 --- [main] o.s.b.w.servlet.FilterRegistrationBean   : Mapping filter: 'formContentFilter' to: [/*]
2023-05-25 15:57:37.318  INFO 2148 --- [main] o.s.b.w.servlet.FilterRegistrationBean   : Mapping filter: 'requestContextFilter' to: [/*]
2023-05-25 15:57:39.270  INFO 2148 --- [main] o.s.s.concurrent.ThreadPoolTaskExecutor  : Initializing ExecutorService 'applicationTaskExecutor'
2023-05-25 15:57:39.745  INFO 2148 --- [main] o.s.b.w.embedded.tomcat.TomcatWebServer  : Tomcat started on port(s): 8080 (http) with context path ''
2023-05-25 15:57:39.749  INFO 2148 --- [main] com.example.Application                  : Started Application in 7.612 seconds (JVM running for 8.33)
